{
  "RSpec": {
    "coverage": {
      "/Users/michael/Projects/bank-tech-test/spec/account_spec.rb": [
        1,
        null,
        1,
        7,
        null,
        1,
        1,
        null,
        null,
        1,
        1,
        1,
        null,
        null,
        1,
        1,
        1,
        1,
        null,
        null,
        1,
        1,
        1,
        1,
        null,
        null,
        1,
        1,
        2,
        null,
        null,
        1,
        1,
        1,
        2,
        null,
        null
      ],
      "/Users/michael/Projects/bank-tech-test/lib/account.rb": [
        1,
        1,
        null,
        1,
        6,
        null,
        null,
        1,
        5,
        null,
        null,
        1,
        1,
        null,
        null,
        1,
        2,
        2,
        null,
        null,
        1,
        null,
        1,
        2,
        null,
        null
      ]
    },
    "timestamp": 1571668768
  }
}
