{
  "RSpec": {
    "coverage": {
      "/Users/michael/Projects/bank-tech-test/spec/account_spec.rb": [
        1,
        null,
        1,
        4,
        null,
        1,
        1,
        null,
        null,
        1,
        1,
        1,
        null,
        null,
        1,
        1,
        1,
        1,
        null,
        null,
        null
      ],
      "/Users/michael/Projects/bank-tech-test/lib/account.rb": [
        1,
        null,
        1,
        null,
        1,
        3,
        null,
        null,
        1,
        3,
        null,
        null
      ]
    },
    "timestamp": 1571664768
  }
}
